
extDB3: https://bitbucket.org/torndeco/extdb3/wiki/Home
extDB3: Version: 1.010
extDB3: Windows Version
Message: All development for extDB3 is done on a Linux Dedicated Server
Message: If you would like to Donate to extDB3 Development
Message: https://www.paypal.com/cgi-bin/webscr?cmd=_s-xclick&hosted_button_id=2SUEFTGABTAM2
Message: Also leave a message if there is any particular feature you would like to see added.
Message: Thanks for all the people that have donated.
Message: Torndeco: 18/05/15


Outstanding Issues that effect extDB3: https://feedback.bistudio.com/T79720
Thanks


extDB3: Found extdb3-conf.ini
extDB3: Detected 4 Cores, Setting up 4 Worker Threads
extDB3: ...
extDB3: ...
extDB3: ...
extDB3: ...


[20:13:13:910171 +11:00] [Thread 19972] extDB3: Locked
[20:14:20:069955 +11:00] [Thread 15900] extDB3: SQL: Error extDB3Exception: Config Invalid Number Number of Inputs Got 8 Expected 6
[20:14:20:071956 +11:00] [Thread 15900] extDB3: SQL: Error extDB3Exception: Input: newPlayer:76561198012961504:stef5905:<null>:[]:[]:[]:0:[]
